Performing C++ SOURCE FILE Test CMAKE_HAVE_LIBC_PTHREAD failed with the following output:
Change Dir: D:/suli/elte/2022_2023_2/qtcity/qt-city/out/build/x64-Debug/CMakeFiles/CMakeScratch/TryCompile-kxsuo6

Run Build Command(s):C:/Program Files/Microsoft Visual Studio/2022/Community/Common7/IDE/CommonExtensions/Microsoft/CMake/Ninja/ninja.exe cmTC_6df74 && [1/2] Building CXX object CMakeFiles\cmTC_6df74.dir\src.cxx.obj
FAILED: CMakeFiles/cmTC_6df74.dir/src.cxx.obj 
C:\PROGRA~1\MIB055~1\2022\COMMUN~1\VC\Tools\MSVC\1435~1.322\bin\Hostx64\x64\cl.exe  /nologo /TP -DCMAKE_HAVE_LIBC_PTHREAD  /DWIN32 /D_WINDOWS /W3 /GR /EHsc  /MDd /Zi /Ob0 /Od /RTC1 -std:c++20 /showIncludes /FoCMakeFiles\cmTC_6df74.dir\src.cxx.obj /FdCMakeFiles\cmTC_6df74.dir\ /FS -c D:\suli\elte\2022_2023_2\qtcity\qt-city\out\build\x64-Debug\CMakeFiles\CMakeScratch\TryCompile-kxsuo6\src.cxx
D:\suli\elte\2022_2023_2\qtcity\qt-city\out\build\x64-Debug\CMakeFiles\CMakeScratch\TryCompile-kxsuo6\src.cxx(1): fatal error C1083: Cannot open include file: 'pthread.h': No such file or directory
ninja: build stopped: subcommand failed.


Source file was:
#include <pthread.h>

static void* test_func(void* data)
{
  return data;
}

int main(void)
{
  pthread_t thread;
  pthread_create(&thread, NULL, test_func, NULL);
  pthread_detach(thread);
  pthread_cancel(thread);
  pthread_join(thread, NULL);
  pthread_atfork(NULL, NULL, NULL);
  pthread_exit(NULL);

  return 0;
}


Determining if the function pthread_create exists in the pthreads failed with the following output:
Change Dir: D:/suli/elte/2022_2023_2/qtcity/qt-city/out/build/x64-Debug/CMakeFiles/CMakeScratch/TryCompile-vck5fc

Run Build Command(s):C:/Program Files/Microsoft Visual Studio/2022/Community/Common7/IDE/CommonExtensions/Microsoft/CMake/Ninja/ninja.exe cmTC_043bc && [1/2] Building CXX object CMakeFiles\cmTC_043bc.dir\CheckFunctionExists.cxx.obj
[2/2] Linking CXX executable cmTC_043bc.exe
FAILED: cmTC_043bc.exe 
cmd.exe /C "cd . && "C:\Program Files\Microsoft Visual Studio\2022\Community\Common7\IDE\CommonExtensions\Microsoft\CMake\CMake\bin\cmake.exe" -E vs_link_exe --intdir=CMakeFiles\cmTC_043bc.dir --rc=C:\PROGRA~2\WI3CF2~1\10\bin\100220~1.0\x64\rc.exe --mt=C:\PROGRA~2\WI3CF2~1\10\bin\100220~1.0\x64\mt.exe --manifests  -- C:\PROGRA~1\MIB055~1\2022\COMMUN~1\VC\Tools\MSVC\1435~1.322\bin\Hostx64\x64\link.exe /nologo CMakeFiles\cmTC_043bc.dir\CheckFunctionExists.cxx.obj  /out:cmTC_043bc.exe /implib:cmTC_043bc.lib /pdb:cmTC_043bc.pdb /version:0.0 /machine:x64  /debug /INCREMENTAL /subsystem:console  pthreads.lib  kernel32.lib user32.lib gdi32.lib winspool.lib shell32.lib ole32.lib oleaut32.lib uuid.lib comdlg32.lib advapi32.lib && cd ."
LINK Pass 1: command "C:\PROGRA~1\MIB055~1\2022\COMMUN~1\VC\Tools\MSVC\1435~1.322\bin\Hostx64\x64\link.exe /nologo CMakeFiles\cmTC_043bc.dir\CheckFunctionExists.cxx.obj /out:cmTC_043bc.exe /implib:cmTC_043bc.lib /pdb:cmTC_043bc.pdb /version:0.0 /machine:x64 /debug /INCREMENTAL /subsystem:console pthreads.lib kernel32.lib user32.lib gdi32.lib winspool.lib shell32.lib ole32.lib oleaut32.lib uuid.lib comdlg32.lib advapi32.lib /MANIFEST /MANIFESTFILE:CMakeFiles\cmTC_043bc.dir/intermediate.manifest CMakeFiles\cmTC_043bc.dir/manifest.res" failed (exit code 1104) with the following output:
LINK : fatal error LNK1104: cannot open file 'pthreads.lib'
ninja: build stopped: subcommand failed.



Determining if the function pthread_create exists in the pthread failed with the following output:
Change Dir: D:/suli/elte/2022_2023_2/qtcity/qt-city/out/build/x64-Debug/CMakeFiles/CMakeScratch/TryCompile-y4woqa

Run Build Command(s):C:/Program Files/Microsoft Visual Studio/2022/Community/Common7/IDE/CommonExtensions/Microsoft/CMake/Ninja/ninja.exe cmTC_f1e3f && [1/2] Building CXX object CMakeFiles\cmTC_f1e3f.dir\CheckFunctionExists.cxx.obj
[2/2] Linking CXX executable cmTC_f1e3f.exe
FAILED: cmTC_f1e3f.exe 
cmd.exe /C "cd . && "C:\Program Files\Microsoft Visual Studio\2022\Community\Common7\IDE\CommonExtensions\Microsoft\CMake\CMake\bin\cmake.exe" -E vs_link_exe --intdir=CMakeFiles\cmTC_f1e3f.dir --rc=C:\PROGRA~2\WI3CF2~1\10\bin\100220~1.0\x64\rc.exe --mt=C:\PROGRA~2\WI3CF2~1\10\bin\100220~1.0\x64\mt.exe --manifests  -- C:\PROGRA~1\MIB055~1\2022\COMMUN~1\VC\Tools\MSVC\1435~1.322\bin\Hostx64\x64\link.exe /nologo CMakeFiles\cmTC_f1e3f.dir\CheckFunctionExists.cxx.obj  /out:cmTC_f1e3f.exe /implib:cmTC_f1e3f.lib /pdb:cmTC_f1e3f.pdb /version:0.0 /machine:x64  /debug /INCREMENTAL /subsystem:console  pthread.lib  kernel32.lib user32.lib gdi32.lib winspool.lib shell32.lib ole32.lib oleaut32.lib uuid.lib comdlg32.lib advapi32.lib && cd ."
LINK Pass 1: command "C:\PROGRA~1\MIB055~1\2022\COMMUN~1\VC\Tools\MSVC\1435~1.322\bin\Hostx64\x64\link.exe /nologo CMakeFiles\cmTC_f1e3f.dir\CheckFunctionExists.cxx.obj /out:cmTC_f1e3f.exe /implib:cmTC_f1e3f.lib /pdb:cmTC_f1e3f.pdb /version:0.0 /machine:x64 /debug /INCREMENTAL /subsystem:console pthread.lib kernel32.lib user32.lib gdi32.lib winspool.lib shell32.lib ole32.lib oleaut32.lib uuid.lib comdlg32.lib advapi32.lib /MANIFEST /MANIFESTFILE:CMakeFiles\cmTC_f1e3f.dir/intermediate.manifest CMakeFiles\cmTC_f1e3f.dir/manifest.res" failed (exit code 1104) with the following output:
LINK : fatal error LNK1104: cannot open file 'pthread.lib'
ninja: build stopped: subcommand failed.



